2020-05-10 10:51:28,091  INFO SpringBootTestContextBootstrapper:308 - Neither @ContextConfiguration nor @ContextHierarchy found for test class [com.dhcc.sysManager.HdfsRestApplicationTests], using SpringBootContextLoader
2020-05-10 10:51:28,098  INFO AbstractContextLoader:264 - Could not detect default resource locations for test class [com.dhcc.sysManager.HdfsRestApplicationTests]: no resource found for suffixes {-context.xml, Context.groovy}.
2020-05-10 10:51:28,099  INFO AnnotationConfigContextLoaderUtils:83 - Could not detect default configuration classes for test class [com.dhcc.sysManager.HdfsRestApplicationTests]: HdfsRestApplicationTests does not declare any static, non-private, non-final, nested classes annotated with @Configuration.
2020-05-10 10:51:28,259  INFO SpringBootTestContextBootstrapper:235 - Found @SpringBootConfiguration com.dhcc.sysManager.SysManagerApplication for test class com.dhcc.sysManager.HdfsRestApplicationTests
2020-05-10 10:51:28,426  INFO SpringBootTestContextBootstrapper:248 - Loaded default TestExecutionListener class names from location [META-INF/spring.factories]: [org.springframework.boot.test.mock.mockito.MockitoTestExecutionListener, org.springframework.boot.test.mock.mockito.ResetMocksTestExecutionListener, org.springframework.boot.test.autoconfigure.restdocs.RestDocsTestExecutionListener, org.springframework.boot.test.autoconfigure.web.client.MockRestServiceServerResetTestExecutionListener, org.springframework.boot.test.autoconfigure.web.servlet.MockMvcPrintOnlyOnFailureTestExecutionListener, org.springframework.boot.test.autoconfigure.web.servlet.WebDriverTestExecutionListener, org.springframework.test.context.web.ServletTestExecutionListener, org.springframework.test.context.support.DirtiesContextBeforeModesTestExecutionListener, org.springframework.test.context.support.DependencyInjectionTestExecutionListener, org.springframework.test.context.support.DirtiesContextTestExecutionListener, org.springframework.test.context.transaction.TransactionalTestExecutionListener, org.springframework.test.context.jdbc.SqlScriptsTestExecutionListener]
2020-05-10 10:51:28,447  INFO SpringBootTestContextBootstrapper:177 - Using TestExecutionListeners: [org.springframework.test.context.web.ServletTestExecutionListener@79e2c065, org.springframework.test.context.support.DirtiesContextBeforeModesTestExecutionListener@3a93b025, org.springframework.boot.test.mock.mockito.MockitoTestExecutionListener@35cabb2a, org.springframework.boot.test.autoconfigure.SpringBootDependencyInjectionTestExecutionListener@7e07db1f, org.springframework.test.context.support.DirtiesContextTestExecutionListener@1189dd52, org.springframework.boot.test.mock.mockito.ResetMocksTestExecutionListener@36bc55de, org.springframework.boot.test.autoconfigure.restdocs.RestDocsTestExecutionListener@564fabc8, org.springframework.boot.test.autoconfigure.web.client.MockRestServiceServerResetTestExecutionListener@16d04d3d, org.springframework.boot.test.autoconfigure.web.servlet.MockMvcPrintOnlyOnFailureTestExecutionListener@49ec71f8, org.springframework.boot.test.autoconfigure.web.servlet.WebDriverTestExecutionListener@1d2adfbe]
2020-05-10 10:51:28,594  INFO Version:21 - HV000001: Hibernate Validator 6.0.17.Final
2020-05-10 10:51:28,896  INFO HdfsRestApplicationTests:50 - Starting HdfsRestApplicationTests on YARDPC with PID 2268 (started by yard in D:\workspace\idea\hdfs-rest)
2020-05-10 10:51:28,896  INFO HdfsRestApplicationTests:647 - No active profile set, falling back to default profiles: default
2020-05-10 10:51:57,079 ERROR LoginUtil:420 - login failed with dev and D:\workspace\idea\hdfs-rest\conf\user.keytab.
2020-05-10 10:51:57,081 ERROR LoginUtil:421 - perhaps cause 1 is (wrong password) keytab file and user not match, you can kinit -k -t keytab user in client server to check.
2020-05-10 10:51:57,084 ERROR LoginUtil:422 - perhaps cause 2 is (clock skew) time of local server and remote server not match, please check ntp to remote server.
2020-05-10 10:51:57,086 ERROR LoginUtil:423 - perhaps cause 3 is (aes256 not support) aes256 not support by default jdk/jre, need copy local_policy.jar and US_export_policy.jar from remote server in path /opt/huawei/Bigdata/jdk/jre/lib/security.
2020-05-10 10:51:57,090 ERROR LoginUtil:424 - perhaps cause 4 is (no rule) principal format not support by default, need add property hadoop.security.auth_to_local(in core-site.xml) value RULE:[1:$1] RULE:[2:$1].
2020-05-10 10:51:57,092 ERROR LoginUtil:425 - perhaps cause 5 is (time out) can not connect to kdc server or there is fire wall in the network.
2020-05-10 10:51:57,099  WARN GenericWebApplicationContext:557 - Exception encountered during context initialization - cancelling refresh attempt: org.springframework.beans.factory.UnsatisfiedDependencyException: Error creating bean with name 'hdfsController' defined in file [D:\workspace\idea\hdfs-rest\target\classes\com\dhcc\sysManager\controller\HdfsController.class]: Unsatisfied dependency expressed through constructor parameter 0; nested exception is org.springframework.beans.factory.UnsatisfiedDependencyException: Error creating bean with name 'HdfsService' defined in file [D:\workspace\idea\hdfs-rest\target\classes\com\dhcc\sysManager\service\impl\HdfsServiceImpl.class]: Unsatisfied dependency expressed through constructor parameter 0; nested exception is org.springframework.beans.factory.BeanCreationException: Error creating bean with name 'hdfsRepository' defined in file [D:\workspace\idea\hdfs-rest\target\classes\com\dhcc\sysManager\dao\HdfsRepository.class]: Instantiation of bean failed; nested exception is org.springframework.beans.BeanInstantiationException: Failed to instantiate [com.dhcc.sysManager.dao.HdfsRepository]: Constructor threw exception; nested exception is org.apache.hadoop.security.KerberosAuthException: failure to login: for principal: dev from keytab D:\workspace\idea\hdfs-rest\conf\user.keytab javax.security.auth.login.LoginException: Receive timed out
2020-05-10 10:51:57,130  INFO ConditionEvaluationReportLoggingListener:136 - 

Error starting ApplicationContext. To display the conditions report re-run your application with 'debug' enabled.
2020-05-10 10:51:57,133 ERROR SpringApplication:822 - Application run failed
org.springframework.beans.factory.UnsatisfiedDependencyException: Error creating bean with name 'hdfsController' defined in file [D:\workspace\idea\hdfs-rest\target\classes\com\dhcc\sysManager\controller\HdfsController.class]: Unsatisfied dependency expressed through constructor parameter 0; nested exception is org.springframework.beans.factory.UnsatisfiedDependencyException: Error creating bean with name 'HdfsService' defined in file [D:\workspace\idea\hdfs-rest\target\classes\com\dhcc\sysManager\service\impl\HdfsServiceImpl.class]: Unsatisfied dependency expressed through constructor parameter 0; nested exception is org.springframework.beans.factory.BeanCreationException: Error creating bean with name 'hdfsRepository' defined in file [D:\workspace\idea\hdfs-rest\target\classes\com\dhcc\sysManager\dao\HdfsRepository.class]: Instantiation of bean failed; nested exception is org.springframework.beans.BeanInstantiationException: Failed to instantiate [com.dhcc.sysManager.dao.HdfsRepository]: Constructor threw exception; nested exception is org.apache.hadoop.security.KerberosAuthException: failure to login: for principal: dev from keytab D:\workspace\idea\hdfs-rest\conf\user.keytab javax.security.auth.login.LoginException: Receive timed out
	at org.springframework.beans.factory.support.ConstructorResolver.createArgumentArray(ConstructorResolver.java:769)
	at org.springframework.beans.factory.support.ConstructorResolver.autowireConstructor(ConstructorResolver.java:218)
	at org.springframework.beans.factory.support.AbstractAutowireCapableBeanFactory.autowireConstructor(AbstractAutowireCapableBeanFactory.java:1341)
	at org.springframework.beans.factory.support.AbstractAutowireCapableBeanFactory.createBeanInstance(AbstractAutowireCapableBeanFactory.java:1187)
	at org.springframework.beans.factory.support.AbstractAutowireCapableBeanFactory.doCreateBean(AbstractAutowireCapableBeanFactory.java:555)
	at org.springframework.beans.factory.support.AbstractAutowireCapableBeanFactory.createBean(AbstractAutowireCapableBeanFactory.java:515)
	at org.springframework.beans.factory.support.AbstractBeanFactory.lambda$doGetBean$0(AbstractBeanFactory.java:320)
	at org.springframework.beans.factory.support.DefaultSingletonBeanRegistry.getSingleton(DefaultSingletonBeanRegistry.java:222)
	at org.springframework.beans.factory.support.AbstractBeanFactory.doGetBean(AbstractBeanFactory.java:318)
	at org.springframework.beans.factory.support.AbstractBeanFactory.getBean(AbstractBeanFactory.java:199)
	at org.springframework.beans.factory.support.DefaultListableBeanFactory.preInstantiateSingletons(DefaultListableBeanFactory.java:845)
	at org.springframework.context.support.AbstractApplicationContext.finishBeanFactoryInitialization(AbstractApplicationContext.java:877)
	at org.springframework.context.support.AbstractApplicationContext.refresh(AbstractApplicationContext.java:549)
	at org.springframework.boot.SpringApplication.refresh(SpringApplication.java:743)
	at org.springframework.boot.SpringApplication.refreshContext(SpringApplication.java:390)
	at org.springframework.boot.SpringApplication.run(SpringApplication.java:312)
	at org.springframework.boot.test.context.SpringBootContextLoader.loadContext(SpringBootContextLoader.java:120)
	at org.springframework.test.context.cache.DefaultCacheAwareContextLoaderDelegate.loadContextInternal(DefaultCacheAwareContextLoaderDelegate.java:99)
	at org.springframework.test.context.cache.DefaultCacheAwareContextLoaderDelegate.loadContext(DefaultCacheAwareContextLoaderDelegate.java:117)
	at org.springframework.test.context.support.DefaultTestContext.getApplicationContext(DefaultTestContext.java:108)
	at org.springframework.test.context.web.ServletTestExecutionListener.setUpRequestContextIfNecessary(ServletTestExecutionListener.java:190)
	at org.springframework.test.context.web.ServletTestExecutionListener.prepareTestInstance(ServletTestExecutionListener.java:132)
	at org.springframework.test.context.TestContextManager.prepareTestInstance(TestContextManager.java:246)
	at org.springframework.test.context.junit4.SpringJUnit4ClassRunner.createTest(SpringJUnit4ClassRunner.java:227)
	at org.springframework.test.context.junit4.SpringJUnit4ClassRunner$1.runReflectiveCall(SpringJUnit4ClassRunner.java:289)
	at org.junit.internal.runners.model.ReflectiveCallable.run(ReflectiveCallable.java:12)
	at org.springframework.test.context.junit4.SpringJUnit4ClassRunner.methodBlock(SpringJUnit4ClassRunner.java:291)
	at org.springframework.test.context.junit4.SpringJUnit4ClassRunner.runChild(SpringJUnit4ClassRunner.java:246)
	at org.springframework.test.context.junit4.SpringJUnit4ClassRunner.runChild(SpringJUnit4ClassRunner.java:97)
	at org.junit.runners.ParentRunner$3.run(ParentRunner.java:290)
	at org.junit.runners.ParentRunner$1.schedule(ParentRunner.java:71)
	at org.junit.runners.ParentRunner.runChildren(ParentRunner.java:288)
	at org.junit.runners.ParentRunner.access$000(ParentRunner.java:58)
	at org.junit.runners.ParentRunner$2.evaluate(ParentRunner.java:268)
	at org.springframework.test.context.junit4.statements.RunBeforeTestClassCallbacks.evaluate(RunBeforeTestClassCallbacks.java:61)
	at org.springframework.test.context.junit4.statements.RunAfterTestClassCallbacks.evaluate(RunAfterTestClassCallbacks.java:70)
	at org.junit.runners.ParentRunner.run(ParentRunner.java:363)
	at org.springframework.test.context.junit4.SpringJUnit4ClassRunner.run(SpringJUnit4ClassRunner.java:190)
	at org.apache.maven.surefire.junit4.JUnit4Provider.execute(JUnit4Provider.java:365)
	at org.apache.maven.surefire.junit4.JUnit4Provider.executeWithRerun(JUnit4Provider.java:273)
	at org.apache.maven.surefire.junit4.JUnit4Provider.executeTestSet(JUnit4Provider.java:238)
	at org.apache.maven.surefire.junit4.JUnit4Provider.invoke(JUnit4Provider.java:159)
	at org.apache.maven.surefire.booter.ForkedBooter.invokeProviderInSameClassLoader(ForkedBooter.java:384)
	at org.apache.maven.surefire.booter.ForkedBooter.runSuitesInProcess(ForkedBooter.java:345)
	at org.apache.maven.surefire.booter.ForkedBooter.execute(ForkedBooter.java:126)
	at org.apache.maven.surefire.booter.ForkedBooter.main(ForkedBooter.java:418)
Caused by: org.springframework.beans.factory.UnsatisfiedDependencyException: Error creating bean with name 'HdfsService' defined in file [D:\workspace\idea\hdfs-rest\target\classes\com\dhcc\sysManager\service\impl\HdfsServiceImpl.class]: Unsatisfied dependency expressed through constructor parameter 0; nested exception is org.springframework.beans.factory.BeanCreationException: Error creating bean with name 'hdfsRepository' defined in file [D:\workspace\idea\hdfs-rest\target\classes\com\dhcc\sysManager\dao\HdfsRepository.class]: Instantiation of bean failed; nested exception is org.springframework.beans.BeanInstantiationException: Failed to instantiate [com.dhcc.sysManager.dao.HdfsRepository]: Constructor threw exception; nested exception is org.apache.hadoop.security.KerberosAuthException: failure to login: for principal: dev from keytab D:\workspace\idea\hdfs-rest\conf\user.keytab javax.security.auth.login.LoginException: Receive timed out
	at org.springframework.beans.factory.support.ConstructorResolver.createArgumentArray(ConstructorResolver.java:769)
	at org.springframework.beans.factory.support.ConstructorResolver.autowireConstructor(ConstructorResolver.java:218)
	at org.springframework.beans.factory.support.AbstractAutowireCapableBeanFactory.autowireConstructor(AbstractAutowireCapableBeanFactory.java:1341)
	at org.springframework.beans.factory.support.AbstractAutowireCapableBeanFactory.createBeanInstance(AbstractAutowireCapableBeanFactory.java:1187)
	at org.springframework.beans.factory.support.AbstractAutowireCapableBeanFactory.doCreateBean(AbstractAutowireCapableBeanFactory.java:555)
	at org.springframework.beans.factory.support.AbstractAutowireCapableBeanFactory.createBean(AbstractAutowireCapableBeanFactory.java:515)
	at org.springframework.beans.factory.support.AbstractBeanFactory.lambda$doGetBean$0(AbstractBeanFactory.java:320)
	at org.springframework.beans.factory.support.DefaultSingletonBeanRegistry.getSingleton(DefaultSingletonBeanRegistry.java:222)
	at org.springframework.beans.factory.support.AbstractBeanFactory.doGetBean(AbstractBeanFactory.java:318)
	at org.springframework.beans.factory.support.AbstractBeanFactory.getBean(AbstractBeanFactory.java:199)
	at org.springframework.beans.factory.config.DependencyDescriptor.resolveCandidate(DependencyDescriptor.java:277)
	at org.springframework.beans.factory.support.DefaultListableBeanFactory.doResolveDependency(DefaultListableBeanFactory.java:1251)
	at org.springframework.beans.factory.support.DefaultListableBeanFactory.resolveDependency(DefaultListableBeanFactory.java:1171)
	at org.springframework.beans.factory.support.ConstructorResolver.resolveAutowiredArgument(ConstructorResolver.java:857)
	at org.springframework.beans.factory.support.ConstructorResolver.createArgumentArray(ConstructorResolver.java:760)
	... 45 more
Caused by: org.springframework.beans.factory.BeanCreationException: Error creating bean with name 'hdfsRepository' defined in file [D:\workspace\idea\hdfs-rest\target\classes\com\dhcc\sysManager\dao\HdfsRepository.class]: Instantiation of bean failed; nested exception is org.springframework.beans.BeanInstantiationException: Failed to instantiate [com.dhcc.sysManager.dao.HdfsRepository]: Constructor threw exception; nested exception is org.apache.hadoop.security.KerberosAuthException: failure to login: for principal: dev from keytab D:\workspace\idea\hdfs-rest\conf\user.keytab javax.security.auth.login.LoginException: Receive timed out
	at org.springframework.beans.factory.support.AbstractAutowireCapableBeanFactory.instantiateBean(AbstractAutowireCapableBeanFactory.java:1303)
	at org.springframework.beans.factory.support.AbstractAutowireCapableBeanFactory.createBeanInstance(AbstractAutowireCapableBeanFactory.java:1197)
	at org.springframework.beans.factory.support.AbstractAutowireCapableBeanFactory.doCreateBean(AbstractAutowireCapableBeanFactory.java:555)
	at org.springframework.beans.factory.support.AbstractAutowireCapableBeanFactory.createBean(AbstractAutowireCapableBeanFactory.java:515)
	at org.springframework.beans.factory.support.AbstractBeanFactory.lambda$doGetBean$0(AbstractBeanFactory.java:320)
	at org.springframework.beans.factory.support.DefaultSingletonBeanRegistry.getSingleton(DefaultSingletonBeanRegistry.java:222)
	at org.springframework.beans.factory.support.AbstractBeanFactory.doGetBean(AbstractBeanFactory.java:318)
	at org.springframework.beans.factory.support.AbstractBeanFactory.getBean(AbstractBeanFactory.java:199)
	at org.springframework.beans.factory.config.DependencyDescriptor.resolveCandidate(DependencyDescriptor.java:277)
	at org.springframework.beans.factory.support.DefaultListableBeanFactory.doResolveDependency(DefaultListableBeanFactory.java:1251)
	at org.springframework.beans.factory.support.DefaultListableBeanFactory.resolveDependency(DefaultListableBeanFactory.java:1171)
	at org.springframework.beans.factory.support.ConstructorResolver.resolveAutowiredArgument(ConstructorResolver.java:857)
	at org.springframework.beans.factory.support.ConstructorResolver.createArgumentArray(ConstructorResolver.java:760)
	... 59 more
Caused by: org.springframework.beans.BeanInstantiationException: Failed to instantiate [com.dhcc.sysManager.dao.HdfsRepository]: Constructor threw exception; nested exception is org.apache.hadoop.security.KerberosAuthException: failure to login: for principal: dev from keytab D:\workspace\idea\hdfs-rest\conf\user.keytab javax.security.auth.login.LoginException: Receive timed out
	at org.springframework.beans.BeanUtils.instantiateClass(BeanUtils.java:184)
	at org.springframework.beans.factory.support.SimpleInstantiationStrategy.instantiate(SimpleInstantiationStrategy.java:87)
	at org.springframework.beans.factory.support.AbstractAutowireCapableBeanFactory.instantiateBean(AbstractAutowireCapableBeanFactory.java:1295)
	... 71 more
Caused by: org.apache.hadoop.security.KerberosAuthException: failure to login: for principal: dev from keytab D:\workspace\idea\hdfs-rest\conf\user.keytab javax.security.auth.login.LoginException: Receive timed out
	at org.apache.hadoop.security.UserGroupInformation.doSubjectLogin(UserGroupInformation.java:1846)
	at org.apache.hadoop.security.UserGroupInformation.loginUserFromKeytabAndReturnUGI(UserGroupInformation.java:1214)
	at org.apache.hadoop.security.UserGroupInformation.loginUserFromKeytab(UserGroupInformation.java:1007)
	at com.dhcc.sysManager.common.LoginUtil.loginHadoop(LoginUtil.java:416)
	at com.dhcc.sysManager.common.LoginUtil.login(LoginUtil.java:142)
	at com.dhcc.sysManager.dao.HdfsRepository.authentication(HdfsRepository.java:106)
	at com.dhcc.sysManager.dao.HdfsRepository.<init>(HdfsRepository.java:60)
	at sun.reflect.NativeConstructorAccessorImpl.newInstance0(Native Method)
	at sun.reflect.NativeConstructorAccessorImpl.newInstance(NativeConstructorAccessorImpl.java:62)
	at sun.reflect.DelegatingConstructorAccessorImpl.newInstance(DelegatingConstructorAccessorImpl.java:45)
	at java.lang.reflect.Constructor.newInstance(Constructor.java:423)
	at org.springframework.beans.BeanUtils.instantiateClass(BeanUtils.java:172)
	... 73 more
Caused by: javax.security.auth.login.LoginException: Receive timed out
	at com.sun.security.auth.module.Krb5LoginModule.attemptAuthentication(Krb5LoginModule.java:808)
	at com.sun.security.auth.module.Krb5LoginModule.login(Krb5LoginModule.java:617)
	at sun.reflect.NativeMethodAccessorImpl.invoke0(Native Method)
	at sun.reflect.NativeMethodAccessorImpl.invoke(NativeMethodAccessorImpl.java:62)
	at sun.reflect.DelegatingMethodAccessorImpl.invoke(DelegatingMethodAccessorImpl.java:43)
	at java.lang.reflect.Method.invoke(Method.java:498)
	at javax.security.auth.login.LoginContext.invoke(LoginContext.java:755)
	at javax.security.auth.login.LoginContext.access$000(LoginContext.java:195)
	at javax.security.auth.login.LoginContext$4.run(LoginContext.java:682)
	at javax.security.auth.login.LoginContext$4.run(LoginContext.java:680)
	at java.security.AccessController.doPrivileged(Native Method)
	at javax.security.auth.login.LoginContext.invokePriv(LoginContext.java:680)
	at javax.security.auth.login.LoginContext.login(LoginContext.java:587)
	at org.apache.hadoop.security.UserGroupInformation$HadoopLoginContext.login(UserGroupInformation.java:1924)
	at org.apache.hadoop.security.UserGroupInformation.doSubjectLogin(UserGroupInformation.java:1836)
	... 84 more
Caused by: java.net.SocketTimeoutException: Receive timed out
	at java.net.DualStackPlainDatagramSocketImpl.socketReceiveOrPeekData(Native Method)
	at java.net.DualStackPlainDatagramSocketImpl.receive0(DualStackPlainDatagramSocketImpl.java:124)
	at java.net.AbstractPlainDatagramSocketImpl.receive(AbstractPlainDatagramSocketImpl.java:143)
	at java.net.DatagramSocket.receive(DatagramSocket.java:812)
	at sun.security.krb5.internal.UDPClient.receive(NetClient.java:206)
	at sun.security.krb5.KdcComm$KdcCommunication.run(KdcComm.java:411)
	at sun.security.krb5.KdcComm$KdcCommunication.run(KdcComm.java:364)
	at java.security.AccessController.doPrivileged(Native Method)
	at sun.security.krb5.KdcComm.send(KdcComm.java:348)
	at sun.security.krb5.KdcComm.sendIfPossible(KdcComm.java:253)
	at sun.security.krb5.KdcComm.send(KdcComm.java:229)
	at sun.security.krb5.KdcComm.send(KdcComm.java:200)
	at sun.security.krb5.KrbAsReqBuilder.send(KrbAsReqBuilder.java:316)
	at sun.security.krb5.KrbAsReqBuilder.action(KrbAsReqBuilder.java:361)
	at com.sun.security.auth.module.Krb5LoginModule.attemptAuthentication(Krb5LoginModule.java:776)
	... 98 more
2020-05-10 10:51:57,142 ERROR TestContextManager:250 - Caught exception while allowing TestExecutionListener [org.springframework.test.context.web.ServletTestExecutionListener@79e2c065] to prepare test instance [com.dhcc.sysManager.HdfsRestApplicationTests@5b43e173]
java.lang.IllegalStateException: Failed to load ApplicationContext
	at org.springframework.test.context.cache.DefaultCacheAwareContextLoaderDelegate.loadContext(DefaultCacheAwareContextLoaderDelegate.java:125)
	at org.springframework.test.context.support.DefaultTestContext.getApplicationContext(DefaultTestContext.java:108)
	at org.springframework.test.context.web.ServletTestExecutionListener.setUpRequestContextIfNecessary(ServletTestExecutionListener.java:190)
	at org.springframework.test.context.web.ServletTestExecutionListener.prepareTestInstance(ServletTestExecutionListener.java:132)
	at org.springframework.test.context.TestContextManager.prepareTestInstance(TestContextManager.java:246)
	at org.springframework.test.context.junit4.SpringJUnit4ClassRunner.createTest(SpringJUnit4ClassRunner.java:227)
	at org.springframework.test.context.junit4.SpringJUnit4ClassRunner$1.runReflectiveCall(SpringJUnit4ClassRunner.java:289)
	at org.junit.internal.runners.model.ReflectiveCallable.run(ReflectiveCallable.java:12)
	at org.springframework.test.context.junit4.SpringJUnit4ClassRunner.methodBlock(SpringJUnit4ClassRunner.java:291)
	at org.springframework.test.context.junit4.SpringJUnit4ClassRunner.runChild(SpringJUnit4ClassRunner.java:246)
	at org.springframework.test.context.junit4.SpringJUnit4ClassRunner.runChild(SpringJUnit4ClassRunner.java:97)
	at org.junit.runners.ParentRunner$3.run(ParentRunner.java:290)
	at org.junit.runners.ParentRunner$1.schedule(ParentRunner.java:71)
	at org.junit.runners.ParentRunner.runChildren(ParentRunner.java:288)
	at org.junit.runners.ParentRunner.access$000(ParentRunner.java:58)
	at org.junit.runners.ParentRunner$2.evaluate(ParentRunner.java:268)
	at org.springframework.test.context.junit4.statements.RunBeforeTestClassCallbacks.evaluate(RunBeforeTestClassCallbacks.java:61)
	at org.springframework.test.context.junit4.statements.RunAfterTestClassCallbacks.evaluate(RunAfterTestClassCallbacks.java:70)
	at org.junit.runners.ParentRunner.run(ParentRunner.java:363)
	at org.springframework.test.context.junit4.SpringJUnit4ClassRunner.run(SpringJUnit4ClassRunner.java:190)
	at org.apache.maven.surefire.junit4.JUnit4Provider.execute(JUnit4Provider.java:365)
	at org.apache.maven.surefire.junit4.JUnit4Provider.executeWithRerun(JUnit4Provider.java:273)
	at org.apache.maven.surefire.junit4.JUnit4Provider.executeTestSet(JUnit4Provider.java:238)
	at org.apache.maven.surefire.junit4.JUnit4Provider.invoke(JUnit4Provider.java:159)
	at org.apache.maven.surefire.booter.ForkedBooter.invokeProviderInSameClassLoader(ForkedBooter.java:384)
	at org.apache.maven.surefire.booter.ForkedBooter.runSuitesInProcess(ForkedBooter.java:345)
	at org.apache.maven.surefire.booter.ForkedBooter.execute(ForkedBooter.java:126)
	at org.apache.maven.surefire.booter.ForkedBooter.main(ForkedBooter.java:418)
Caused by: org.springframework.beans.factory.UnsatisfiedDependencyException: Error creating bean with name 'hdfsController' defined in file [D:\workspace\idea\hdfs-rest\target\classes\com\dhcc\sysManager\controller\HdfsController.class]: Unsatisfied dependency expressed through constructor parameter 0; nested exception is org.springframework.beans.factory.UnsatisfiedDependencyException: Error creating bean with name 'HdfsService' defined in file [D:\workspace\idea\hdfs-rest\target\classes\com\dhcc\sysManager\service\impl\HdfsServiceImpl.class]: Unsatisfied dependency expressed through constructor parameter 0; nested exception is org.springframework.beans.factory.BeanCreationException: Error creating bean with name 'hdfsRepository' defined in file [D:\workspace\idea\hdfs-rest\target\classes\com\dhcc\sysManager\dao\HdfsRepository.class]: Instantiation of bean failed; nested exception is org.springframework.beans.BeanInstantiationException: Failed to instantiate [com.dhcc.sysManager.dao.HdfsRepository]: Constructor threw exception; nested exception is org.apache.hadoop.security.KerberosAuthException: failure to login: for principal: dev from keytab D:\workspace\idea\hdfs-rest\conf\user.keytab javax.security.auth.login.LoginException: Receive timed out
	at org.springframework.beans.factory.support.ConstructorResolver.createArgumentArray(ConstructorResolver.java:769)
	at org.springframework.beans.factory.support.ConstructorResolver.autowireConstructor(ConstructorResolver.java:218)
	at org.springframework.beans.factory.support.AbstractAutowireCapableBeanFactory.autowireConstructor(AbstractAutowireCapableBeanFactory.java:1341)
	at org.springframework.beans.factory.support.AbstractAutowireCapableBeanFactory.createBeanInstance(AbstractAutowireCapableBeanFactory.java:1187)
	at org.springframework.beans.factory.support.AbstractAutowireCapableBeanFactory.doCreateBean(AbstractAutowireCapableBeanFactory.java:555)
	at org.springframework.beans.factory.support.AbstractAutowireCapableBeanFactory.createBean(AbstractAutowireCapableBeanFactory.java:515)
	at org.springframework.beans.factory.support.AbstractBeanFactory.lambda$doGetBean$0(AbstractBeanFactory.java:320)
	at org.springframework.beans.factory.support.DefaultSingletonBeanRegistry.getSingleton(DefaultSingletonBeanRegistry.java:222)
	at org.springframework.beans.factory.support.AbstractBeanFactory.doGetBean(AbstractBeanFactory.java:318)
	at org.springframework.beans.factory.support.AbstractBeanFactory.getBean(AbstractBeanFactory.java:199)
	at org.springframework.beans.factory.support.DefaultListableBeanFactory.preInstantiateSingletons(DefaultListableBeanFactory.java:845)
	at org.springframework.context.support.AbstractApplicationContext.finishBeanFactoryInitialization(AbstractApplicationContext.java:877)
	at org.springframework.context.support.AbstractApplicationContext.refresh(AbstractApplicationContext.java:549)
	at org.springframework.boot.SpringApplication.refresh(SpringApplication.java:743)
	at org.springframework.boot.SpringApplication.refreshContext(SpringApplication.java:390)
	at org.springframework.boot.SpringApplication.run(SpringApplication.java:312)
	at org.springframework.boot.test.context.SpringBootContextLoader.loadContext(SpringBootContextLoader.java:120)
	at org.springframework.test.context.cache.DefaultCacheAwareContextLoaderDelegate.loadContextInternal(DefaultCacheAwareContextLoaderDelegate.java:99)
	at org.springframework.test.context.cache.DefaultCacheAwareContextLoaderDelegate.loadContext(DefaultCacheAwareContextLoaderDelegate.java:117)
	... 27 more
Caused by: org.springframework.beans.factory.UnsatisfiedDependencyException: Error creating bean with name 'HdfsService' defined in file [D:\workspace\idea\hdfs-rest\target\classes\com\dhcc\sysManager\service\impl\HdfsServiceImpl.class]: Unsatisfied dependency expressed through constructor parameter 0; nested exception is org.springframework.beans.factory.BeanCreationException: Error creating bean with name 'hdfsRepository' defined in file [D:\workspace\idea\hdfs-rest\target\classes\com\dhcc\sysManager\dao\HdfsRepository.class]: Instantiation of bean failed; nested exception is org.springframework.beans.BeanInstantiationException: Failed to instantiate [com.dhcc.sysManager.dao.HdfsRepository]: Constructor threw exception; nested exception is org.apache.hadoop.security.KerberosAuthException: failure to login: for principal: dev from keytab D:\workspace\idea\hdfs-rest\conf\user.keytab javax.security.auth.login.LoginException: Receive timed out
	at org.springframework.beans.factory.support.ConstructorResolver.createArgumentArray(ConstructorResolver.java:769)
	at org.springframework.beans.factory.support.ConstructorResolver.autowireConstructor(ConstructorResolver.java:218)
	at org.springframework.beans.factory.support.AbstractAutowireCapableBeanFactory.autowireConstructor(AbstractAutowireCapableBeanFactory.java:1341)
	at org.springframework.beans.factory.support.AbstractAutowireCapableBeanFactory.createBeanInstance(AbstractAutowireCapableBeanFactory.java:1187)
	at org.springframework.beans.factory.support.AbstractAutowireCapableBeanFactory.doCreateBean(AbstractAutowireCapableBeanFactory.java:555)
	at org.springframework.beans.factory.support.AbstractAutowireCapableBeanFactory.createBean(AbstractAutowireCapableBeanFactory.java:515)
	at org.springframework.beans.factory.support.AbstractBeanFactory.lambda$doGetBean$0(AbstractBeanFactory.java:320)
	at org.springframework.beans.factory.support.DefaultSingletonBeanRegistry.getSingleton(DefaultSingletonBeanRegistry.java:222)
	at org.springframework.beans.factory.support.AbstractBeanFactory.doGetBean(AbstractBeanFactory.java:318)
	at org.springframework.beans.factory.support.AbstractBeanFactory.getBean(AbstractBeanFactory.java:199)
	at org.springframework.beans.factory.config.DependencyDescriptor.resolveCandidate(DependencyDescriptor.java:277)
	at org.springframework.beans.factory.support.DefaultListableBeanFactory.doResolveDependency(DefaultListableBeanFactory.java:1251)
	at org.springframework.beans.factory.support.DefaultListableBeanFactory.resolveDependency(DefaultListableBeanFactory.java:1171)
	at org.springframework.beans.factory.support.ConstructorResolver.resolveAutowiredArgument(ConstructorResolver.java:857)
	at org.springframework.beans.factory.support.ConstructorResolver.createArgumentArray(ConstructorResolver.java:760)
	... 45 more
Caused by: org.springframework.beans.factory.BeanCreationException: Error creating bean with name 'hdfsRepository' defined in file [D:\workspace\idea\hdfs-rest\target\classes\com\dhcc\sysManager\dao\HdfsRepository.class]: Instantiation of bean failed; nested exception is org.springframework.beans.BeanInstantiationException: Failed to instantiate [com.dhcc.sysManager.dao.HdfsRepository]: Constructor threw exception; nested exception is org.apache.hadoop.security.KerberosAuthException: failure to login: for principal: dev from keytab D:\workspace\idea\hdfs-rest\conf\user.keytab javax.security.auth.login.LoginException: Receive timed out
	at org.springframework.beans.factory.support.AbstractAutowireCapableBeanFactory.instantiateBean(AbstractAutowireCapableBeanFactory.java:1303)
	at org.springframework.beans.factory.support.AbstractAutowireCapableBeanFactory.createBeanInstance(AbstractAutowireCapableBeanFactory.java:1197)
	at org.springframework.beans.factory.support.AbstractAutowireCapableBeanFactory.doCreateBean(AbstractAutowireCapableBeanFactory.java:555)
	at org.springframework.beans.factory.support.AbstractAutowireCapableBeanFactory.createBean(AbstractAutowireCapableBeanFactory.java:515)
	at org.springframework.beans.factory.support.AbstractBeanFactory.lambda$doGetBean$0(AbstractBeanFactory.java:320)
	at org.springframework.beans.factory.support.DefaultSingletonBeanRegistry.getSingleton(DefaultSingletonBeanRegistry.java:222)
	at org.springframework.beans.factory.support.AbstractBeanFactory.doGetBean(AbstractBeanFactory.java:318)
	at org.springframework.beans.factory.support.AbstractBeanFactory.getBean(AbstractBeanFactory.java:199)
	at org.springframework.beans.factory.config.DependencyDescriptor.resolveCandidate(DependencyDescriptor.java:277)
	at org.springframework.beans.factory.support.DefaultListableBeanFactory.doResolveDependency(DefaultListableBeanFactory.java:1251)
	at org.springframework.beans.factory.support.DefaultListableBeanFactory.resolveDependency(DefaultListableBeanFactory.java:1171)
	at org.springframework.beans.factory.support.ConstructorResolver.resolveAutowiredArgument(ConstructorResolver.java:857)
	at org.springframework.beans.factory.support.ConstructorResolver.createArgumentArray(ConstructorResolver.java:760)
	... 59 more
Caused by: org.springframework.beans.BeanInstantiationException: Failed to instantiate [com.dhcc.sysManager.dao.HdfsRepository]: Constructor threw exception; nested exception is org.apache.hadoop.security.KerberosAuthException: failure to login: for principal: dev from keytab D:\workspace\idea\hdfs-rest\conf\user.keytab javax.security.auth.login.LoginException: Receive timed out
	at org.springframework.beans.BeanUtils.instantiateClass(BeanUtils.java:184)
	at org.springframework.beans.factory.support.SimpleInstantiationStrategy.instantiate(SimpleInstantiationStrategy.java:87)
	at org.springframework.beans.factory.support.AbstractAutowireCapableBeanFactory.instantiateBean(AbstractAutowireCapableBeanFactory.java:1295)
	... 71 more
Caused by: org.apache.hadoop.security.KerberosAuthException: failure to login: for principal: dev from keytab D:\workspace\idea\hdfs-rest\conf\user.keytab javax.security.auth.login.LoginException: Receive timed out
	at org.apache.hadoop.security.UserGroupInformation.doSubjectLogin(UserGroupInformation.java:1846)
	at org.apache.hadoop.security.UserGroupInformation.loginUserFromKeytabAndReturnUGI(UserGroupInformation.java:1214)
	at org.apache.hadoop.security.UserGroupInformation.loginUserFromKeytab(UserGroupInformation.java:1007)
	at com.dhcc.sysManager.common.LoginUtil.loginHadoop(LoginUtil.java:416)
	at com.dhcc.sysManager.common.LoginUtil.login(LoginUtil.java:142)
	at com.dhcc.sysManager.dao.HdfsRepository.authentication(HdfsRepository.java:106)
	at com.dhcc.sysManager.dao.HdfsRepository.<init>(HdfsRepository.java:60)
	at sun.reflect.NativeConstructorAccessorImpl.newInstance0(Native Method)
	at sun.reflect.NativeConstructorAccessorImpl.newInstance(NativeConstructorAccessorImpl.java:62)
	at sun.reflect.DelegatingConstructorAccessorImpl.newInstance(DelegatingConstructorAccessorImpl.java:45)
	at java.lang.reflect.Constructor.newInstance(Constructor.java:423)
	at org.springframework.beans.BeanUtils.instantiateClass(BeanUtils.java:172)
	... 73 more
Caused by: javax.security.auth.login.LoginException: Receive timed out
	at com.sun.security.auth.module.Krb5LoginModule.attemptAuthentication(Krb5LoginModule.java:808)
	at com.sun.security.auth.module.Krb5LoginModule.login(Krb5LoginModule.java:617)
	at sun.reflect.NativeMethodAccessorImpl.invoke0(Native Method)
	at sun.reflect.NativeMethodAccessorImpl.invoke(NativeMethodAccessorImpl.java:62)
	at sun.reflect.DelegatingMethodAccessorImpl.invoke(DelegatingMethodAccessorImpl.java:43)
	at java.lang.reflect.Method.invoke(Method.java:498)
	at javax.security.auth.login.LoginContext.invoke(LoginContext.java:755)
	at javax.security.auth.login.LoginContext.access$000(LoginContext.java:195)
	at javax.security.auth.login.LoginContext$4.run(LoginContext.java:682)
	at javax.security.auth.login.LoginContext$4.run(LoginContext.java:680)
	at java.security.AccessController.doPrivileged(Native Method)
	at javax.security.auth.login.LoginContext.invokePriv(LoginContext.java:680)
	at javax.security.auth.login.LoginContext.login(LoginContext.java:587)
	at org.apache.hadoop.security.UserGroupInformation$HadoopLoginContext.login(UserGroupInformation.java:1924)
	at org.apache.hadoop.security.UserGroupInformation.doSubjectLogin(UserGroupInformation.java:1836)
	... 84 more
Caused by: java.net.SocketTimeoutException: Receive timed out
	at java.net.DualStackPlainDatagramSocketImpl.socketReceiveOrPeekData(Native Method)
	at java.net.DualStackPlainDatagramSocketImpl.receive0(DualStackPlainDatagramSocketImpl.java:124)
	at java.net.AbstractPlainDatagramSocketImpl.receive(AbstractPlainDatagramSocketImpl.java:143)
	at java.net.DatagramSocket.receive(DatagramSocket.java:812)
	at sun.security.krb5.internal.UDPClient.receive(NetClient.java:206)
	at sun.security.krb5.KdcComm$KdcCommunication.run(KdcComm.java:411)
	at sun.security.krb5.KdcComm$KdcCommunication.run(KdcComm.java:364)
	at java.security.AccessController.doPrivileged(Native Method)
	at sun.security.krb5.KdcComm.send(KdcComm.java:348)
	at sun.security.krb5.KdcComm.sendIfPossible(KdcComm.java:253)
	at sun.security.krb5.KdcComm.send(KdcComm.java:229)
	at sun.security.krb5.KdcComm.send(KdcComm.java:200)
	at sun.security.krb5.KrbAsReqBuilder.send(KrbAsReqBuilder.java:316)
	at sun.security.krb5.KrbAsReqBuilder.action(KrbAsReqBuilder.java:361)
	at com.sun.security.auth.module.Krb5LoginModule.attemptAuthentication(Krb5LoginModule.java:776)
	... 98 more
2020-05-10 10:58:32,249  INFO SpringBootTestContextBootstrapper:308 - Neither @ContextConfiguration nor @ContextHierarchy found for test class [com.dhcc.sysManager.HdfsRestApplicationTests], using SpringBootContextLoader
2020-05-10 10:58:32,256  INFO AbstractContextLoader:264 - Could not detect default resource locations for test class [com.dhcc.sysManager.HdfsRestApplicationTests]: no resource found for suffixes {-context.xml, Context.groovy}.
2020-05-10 10:58:32,257  INFO AnnotationConfigContextLoaderUtils:83 - Could not detect default configuration classes for test class [com.dhcc.sysManager.HdfsRestApplicationTests]: HdfsRestApplicationTests does not declare any static, non-private, non-final, nested classes annotated with @Configuration.
2020-05-10 10:58:32,397  INFO SpringBootTestContextBootstrapper:235 - Found @SpringBootConfiguration com.dhcc.sysManager.SysManagerApplication for test class com.dhcc.sysManager.HdfsRestApplicationTests
2020-05-10 10:58:32,518  INFO SpringBootTestContextBootstrapper:248 - Loaded default TestExecutionListener class names from location [META-INF/spring.factories]: [org.springframework.boot.test.mock.mockito.MockitoTestExecutionListener, org.springframework.boot.test.mock.mockito.ResetMocksTestExecutionListener, org.springframework.boot.test.autoconfigure.restdocs.RestDocsTestExecutionListener, org.springframework.boot.test.autoconfigure.web.client.MockRestServiceServerResetTestExecutionListener, org.springframework.boot.test.autoconfigure.web.servlet.MockMvcPrintOnlyOnFailureTestExecutionListener, org.springframework.boot.test.autoconfigure.web.servlet.WebDriverTestExecutionListener, org.springframework.test.context.web.ServletTestExecutionListener, org.springframework.test.context.support.DirtiesContextBeforeModesTestExecutionListener, org.springframework.test.context.support.DependencyInjectionTestExecutionListener, org.springframework.test.context.support.DirtiesContextTestExecutionListener, org.springframework.test.context.transaction.TransactionalTestExecutionListener, org.springframework.test.context.jdbc.SqlScriptsTestExecutionListener]
2020-05-10 10:58:32,538  INFO SpringBootTestContextBootstrapper:177 - Using TestExecutionListeners: [org.springframework.test.context.web.ServletTestExecutionListener@79e2c065, org.springframework.test.context.support.DirtiesContextBeforeModesTestExecutionListener@3a93b025, org.springframework.boot.test.mock.mockito.MockitoTestExecutionListener@35cabb2a, org.springframework.boot.test.autoconfigure.SpringBootDependencyInjectionTestExecutionListener@7e07db1f, org.springframework.test.context.support.DirtiesContextTestExecutionListener@1189dd52, org.springframework.boot.test.mock.mockito.ResetMocksTestExecutionListener@36bc55de, org.springframework.boot.test.autoconfigure.restdocs.RestDocsTestExecutionListener@564fabc8, org.springframework.boot.test.autoconfigure.web.client.MockRestServiceServerResetTestExecutionListener@16d04d3d, org.springframework.boot.test.autoconfigure.web.servlet.MockMvcPrintOnlyOnFailureTestExecutionListener@49ec71f8, org.springframework.boot.test.autoconfigure.web.servlet.WebDriverTestExecutionListener@1d2adfbe]
2020-05-10 10:58:32,655  INFO Version:21 - HV000001: Hibernate Validator 6.0.17.Final
2020-05-10 10:58:32,916  INFO HdfsRestApplicationTests:50 - Starting HdfsRestApplicationTests on YARDPC with PID 6696 (started by yard in D:\workspace\idea\hdfs-rest)
2020-05-10 10:58:32,917  INFO HdfsRestApplicationTests:647 - No active profile set, falling back to default profiles: default
2020-05-10 10:59:01,087 ERROR LoginUtil:420 - login failed with dev and D:\workspace\idea\hdfs-rest\conf\user.keytab.
2020-05-10 10:59:01,088 ERROR LoginUtil:421 - perhaps cause 1 is (wrong password) keytab file and user not match, you can kinit -k -t keytab user in client server to check.
2020-05-10 10:59:01,090 ERROR LoginUtil:422 - perhaps cause 2 is (clock skew) time of local server and remote server not match, please check ntp to remote server.
2020-05-10 10:59:01,091 ERROR LoginUtil:423 - perhaps cause 3 is (aes256 not support) aes256 not support by default jdk/jre, need copy local_policy.jar and US_export_policy.jar from remote server in path /opt/huawei/Bigdata/jdk/jre/lib/security.
2020-05-10 10:59:01,092 ERROR LoginUtil:424 - perhaps cause 4 is (no rule) principal format not support by default, need add property hadoop.security.auth_to_local(in core-site.xml) value RULE:[1:$1] RULE:[2:$1].
2020-05-10 10:59:01,093 ERROR LoginUtil:425 - perhaps cause 5 is (time out) can not connect to kdc server or there is fire wall in the network.
2020-05-10 10:59:01,097  WARN GenericWebApplicationContext:557 - Exception encountered during context initialization - cancelling refresh attempt: org.springframework.beans.factory.UnsatisfiedDependencyException: Error creating bean with name 'hdfsController' defined in file [D:\workspace\idea\hdfs-rest\target\classes\com\dhcc\sysManager\controller\HdfsController.class]: Unsatisfied dependency expressed through constructor parameter 0; nested exception is org.springframework.beans.factory.UnsatisfiedDependencyException: Error creating bean with name 'HdfsService' defined in file [D:\workspace\idea\hdfs-rest\target\classes\com\dhcc\sysManager\service\impl\HdfsServiceImpl.class]: Unsatisfied dependency expressed through constructor parameter 0; nested exception is org.springframework.beans.factory.BeanCreationException: Error creating bean with name 'hdfsRepository' defined in file [D:\workspace\idea\hdfs-rest\target\classes\com\dhcc\sysManager\dao\HdfsRepository.class]: Instantiation of bean failed; nested exception is org.springframework.beans.BeanInstantiationException: Failed to instantiate [com.dhcc.sysManager.dao.HdfsRepository]: Constructor threw exception; nested exception is org.apache.hadoop.security.KerberosAuthException: failure to login: for principal: dev from keytab D:\workspace\idea\hdfs-rest\conf\user.keytab javax.security.auth.login.LoginException: Receive timed out
2020-05-10 10:59:01,117  INFO ConditionEvaluationReportLoggingListener:136 - 

Error starting ApplicationContext. To display the conditions report re-run your application with 'debug' enabled.
2020-05-10 10:59:01,121 ERROR SpringApplication:822 - Application run failed
org.springframework.beans.factory.UnsatisfiedDependencyException: Error creating bean with name 'hdfsController' defined in file [D:\workspace\idea\hdfs-rest\target\classes\com\dhcc\sysManager\controller\HdfsController.class]: Unsatisfied dependency expressed through constructor parameter 0; nested exception is org.springframework.beans.factory.UnsatisfiedDependencyException: Error creating bean with name 'HdfsService' defined in file [D:\workspace\idea\hdfs-rest\target\classes\com\dhcc\sysManager\service\impl\HdfsServiceImpl.class]: Unsatisfied dependency expressed through constructor parameter 0; nested exception is org.springframework.beans.factory.BeanCreationException: Error creating bean with name 'hdfsRepository' defined in file [D:\workspace\idea\hdfs-rest\target\classes\com\dhcc\sysManager\dao\HdfsRepository.class]: Instantiation of bean failed; nested exception is org.springframework.beans.BeanInstantiationException: Failed to instantiate [com.dhcc.sysManager.dao.HdfsRepository]: Constructor threw exception; nested exception is org.apache.hadoop.security.KerberosAuthException: failure to login: for principal: dev from keytab D:\workspace\idea\hdfs-rest\conf\user.keytab javax.security.auth.login.LoginException: Receive timed out
	at org.springframework.beans.factory.support.ConstructorResolver.createArgumentArray(ConstructorResolver.java:769)
	at org.springframework.beans.factory.support.ConstructorResolver.autowireConstructor(ConstructorResolver.java:218)
	at org.springframework.beans.factory.support.AbstractAutowireCapableBeanFactory.autowireConstructor(AbstractAutowireCapableBeanFactory.java:1341)
	at org.springframework.beans.factory.support.AbstractAutowireCapableBeanFactory.createBeanInstance(AbstractAutowireCapableBeanFactory.java:1187)
	at org.springframework.beans.factory.support.AbstractAutowireCapableBeanFactory.doCreateBean(AbstractAutowireCapableBeanFactory.java:555)
	at org.springframework.beans.factory.support.AbstractAutowireCapableBeanFactory.createBean(AbstractAutowireCapableBeanFactory.java:515)
	at org.springframework.beans.factory.support.AbstractBeanFactory.lambda$doGetBean$0(AbstractBeanFactory.java:320)
	at org.springframework.beans.factory.support.DefaultSingletonBeanRegistry.getSingleton(DefaultSingletonBeanRegistry.java:222)
	at org.springframework.beans.factory.support.AbstractBeanFactory.doGetBean(AbstractBeanFactory.java:318)
	at org.springframework.beans.factory.support.AbstractBeanFactory.getBean(AbstractBeanFactory.java:199)
	at org.springframework.beans.factory.support.DefaultListableBeanFactory.preInstantiateSingletons(DefaultListableBeanFactory.java:845)
	at org.springframework.context.support.AbstractApplicationContext.finishBeanFactoryInitialization(AbstractApplicationContext.java:877)
	at org.springframework.context.support.AbstractApplicationContext.refresh(AbstractApplicationContext.java:549)
	at org.springframework.boot.SpringApplication.refresh(SpringApplication.java:743)
	at org.springframework.boot.SpringApplication.refreshContext(SpringApplication.java:390)
	at org.springframework.boot.SpringApplication.run(SpringApplication.java:312)
	at org.springframework.boot.test.context.SpringBootContextLoader.loadContext(SpringBootContextLoader.java:120)
	at org.springframework.test.context.cache.DefaultCacheAwareContextLoaderDelegate.loadContextInternal(DefaultCacheAwareContextLoaderDelegate.java:99)
	at org.springframework.test.context.cache.DefaultCacheAwareContextLoaderDelegate.loadContext(DefaultCacheAwareContextLoaderDelegate.java:117)
	at org.springframework.test.context.support.DefaultTestContext.getApplicationContext(DefaultTestContext.java:108)
	at org.springframework.test.context.web.ServletTestExecutionListener.setUpRequestContextIfNecessary(ServletTestExecutionListener.java:190)
	at org.springframework.test.context.web.ServletTestExecutionListener.prepareTestInstance(ServletTestExecutionListener.java:132)
	at org.springframework.test.context.TestContextManager.prepareTestInstance(TestContextManager.java:246)
	at org.springframework.test.context.junit4.SpringJUnit4ClassRunner.createTest(SpringJUnit4ClassRunner.java:227)
	at org.springframework.test.context.junit4.SpringJUnit4ClassRunner$1.runReflectiveCall(SpringJUnit4ClassRunner.java:289)
	at org.junit.internal.runners.model.ReflectiveCallable.run(ReflectiveCallable.java:12)
	at org.springframework.test.context.junit4.SpringJUnit4ClassRunner.methodBlock(SpringJUnit4ClassRunner.java:291)
	at org.springframework.test.context.junit4.SpringJUnit4ClassRunner.runChild(SpringJUnit4ClassRunner.java:246)
	at org.springframework.test.context.junit4.SpringJUnit4ClassRunner.runChild(SpringJUnit4ClassRunner.java:97)
	at org.junit.runners.ParentRunner$3.run(ParentRunner.java:290)
	at org.junit.runners.ParentRunner$1.schedule(ParentRunner.java:71)
	at org.junit.runners.ParentRunner.runChildren(ParentRunner.java:288)
	at org.junit.runners.ParentRunner.access$000(ParentRunner.java:58)
	at org.junit.runners.ParentRunner$2.evaluate(ParentRunner.java:268)
	at org.springframework.test.context.junit4.statements.RunBeforeTestClassCallbacks.evaluate(RunBeforeTestClassCallbacks.java:61)
	at org.springframework.test.context.junit4.statements.RunAfterTestClassCallbacks.evaluate(RunAfterTestClassCallbacks.java:70)
	at org.junit.runners.ParentRunner.run(ParentRunner.java:363)
	at org.springframework.test.context.junit4.SpringJUnit4ClassRunner.run(SpringJUnit4ClassRunner.java:190)
	at org.apache.maven.surefire.junit4.JUnit4Provider.execute(JUnit4Provider.java:365)
	at org.apache.maven.surefire.junit4.JUnit4Provider.executeWithRerun(JUnit4Provider.java:273)
	at org.apache.maven.surefire.junit4.JUnit4Provider.executeTestSet(JUnit4Provider.java:238)
	at org.apache.maven.surefire.junit4.JUnit4Provider.invoke(JUnit4Provider.java:159)
	at org.apache.maven.surefire.booter.ForkedBooter.invokeProviderInSameClassLoader(ForkedBooter.java:384)
	at org.apache.maven.surefire.booter.ForkedBooter.runSuitesInProcess(ForkedBooter.java:345)
	at org.apache.maven.surefire.booter.ForkedBooter.execute(ForkedBooter.java:126)
	at org.apache.maven.surefire.booter.ForkedBooter.main(ForkedBooter.java:418)
Caused by: org.springframework.beans.factory.UnsatisfiedDependencyException: Error creating bean with name 'HdfsService' defined in file [D:\workspace\idea\hdfs-rest\target\classes\com\dhcc\sysManager\service\impl\HdfsServiceImpl.class]: Unsatisfied dependency expressed through constructor parameter 0; nested exception is org.springframework.beans.factory.BeanCreationException: Error creating bean with name 'hdfsRepository' defined in file [D:\workspace\idea\hdfs-rest\target\classes\com\dhcc\sysManager\dao\HdfsRepository.class]: Instantiation of bean failed; nested exception is org.springframework.beans.BeanInstantiationException: Failed to instantiate [com.dhcc.sysManager.dao.HdfsRepository]: Constructor threw exception; nested exception is org.apache.hadoop.security.KerberosAuthException: failure to login: for principal: dev from keytab D:\workspace\idea\hdfs-rest\conf\user.keytab javax.security.auth.login.LoginException: Receive timed out
	at org.springframework.beans.factory.support.ConstructorResolver.createArgumentArray(ConstructorResolver.java:769)
	at org.springframework.beans.factory.support.ConstructorResolver.autowireConstructor(ConstructorResolver.java:218)
	at org.springframework.beans.factory.support.AbstractAutowireCapableBeanFactory.autowireConstructor(AbstractAutowireCapableBeanFactory.java:1341)
	at org.springframework.beans.factory.support.AbstractAutowireCapableBeanFactory.createBeanInstance(AbstractAutowireCapableBeanFactory.java:1187)
	at org.springframework.beans.factory.support.AbstractAutowireCapableBeanFactory.doCreateBean(AbstractAutowireCapableBeanFactory.java:555)
	at org.springframework.beans.factory.support.AbstractAutowireCapableBeanFactory.createBean(AbstractAutowireCapableBeanFactory.java:515)
	at org.springframework.beans.factory.support.AbstractBeanFactory.lambda$doGetBean$0(AbstractBeanFactory.java:320)
	at org.springframework.beans.factory.support.DefaultSingletonBeanRegistry.getSingleton(DefaultSingletonBeanRegistry.java:222)
	at org.springframework.beans.factory.support.AbstractBeanFactory.doGetBean(AbstractBeanFactory.java:318)
	at org.springframework.beans.factory.support.AbstractBeanFactory.getBean(AbstractBeanFactory.java:199)
	at org.springframework.beans.factory.config.DependencyDescriptor.resolveCandidate(DependencyDescriptor.java:277)
	at org.springframework.beans.factory.support.DefaultListableBeanFactory.doResolveDependency(DefaultListableBeanFactory.java:1251)
	at org.springframework.beans.factory.support.DefaultListableBeanFactory.resolveDependency(DefaultListableBeanFactory.java:1171)
	at org.springframework.beans.factory.support.ConstructorResolver.resolveAutowiredArgument(ConstructorResolver.java:857)
	at org.springframework.beans.factory.support.ConstructorResolver.createArgumentArray(ConstructorResolver.java:760)
	... 45 more
Caused by: org.springframework.beans.factory.BeanCreationException: Error creating bean with name 'hdfsRepository' defined in file [D:\workspace\idea\hdfs-rest\target\classes\com\dhcc\sysManager\dao\HdfsRepository.class]: Instantiation of bean failed; nested exception is org.springframework.beans.BeanInstantiationException: Failed to instantiate [com.dhcc.sysManager.dao.HdfsRepository]: Constructor threw exception; nested exception is org.apache.hadoop.security.KerberosAuthException: failure to login: for principal: dev from keytab D:\workspace\idea\hdfs-rest\conf\user.keytab javax.security.auth.login.LoginException: Receive timed out
	at org.springframework.beans.factory.support.AbstractAutowireCapableBeanFactory.instantiateBean(AbstractAutowireCapableBeanFactory.java:1303)
	at org.springframework.beans.factory.support.AbstractAutowireCapableBeanFactory.createBeanInstance(AbstractAutowireCapableBeanFactory.java:1197)
	at org.springframework.beans.factory.support.AbstractAutowireCapableBeanFactory.doCreateBean(AbstractAutowireCapableBeanFactory.java:555)
	at org.springframework.beans.factory.support.AbstractAutowireCapableBeanFactory.createBean(AbstractAutowireCapableBeanFactory.java:515)
	at org.springframework.beans.factory.support.AbstractBeanFactory.lambda$doGetBean$0(AbstractBeanFactory.java:320)
	at org.springframework.beans.factory.support.DefaultSingletonBeanRegistry.getSingleton(DefaultSingletonBeanRegistry.java:222)
	at org.springframework.beans.factory.support.AbstractBeanFactory.doGetBean(AbstractBeanFactory.java:318)
	at org.springframework.beans.factory.support.AbstractBeanFactory.getBean(AbstractBeanFactory.java:199)
	at org.springframework.beans.factory.config.DependencyDescriptor.resolveCandidate(DependencyDescriptor.java:277)
	at org.springframework.beans.factory.support.DefaultListableBeanFactory.doResolveDependency(DefaultListableBeanFactory.java:1251)
	at org.springframework.beans.factory.support.DefaultListableBeanFactory.resolveDependency(DefaultListableBeanFactory.java:1171)
	at org.springframework.beans.factory.support.ConstructorResolver.resolveAutowiredArgument(ConstructorResolver.java:857)
	at org.springframework.beans.factory.support.ConstructorResolver.createArgumentArray(ConstructorResolver.java:760)
	... 59 more
Caused by: org.springframework.beans.BeanInstantiationException: Failed to instantiate [com.dhcc.sysManager.dao.HdfsRepository]: Constructor threw exception; nested exception is org.apache.hadoop.security.KerberosAuthException: failure to login: for principal: dev from keytab D:\workspace\idea\hdfs-rest\conf\user.keytab javax.security.auth.login.LoginException: Receive timed out
	at org.springframework.beans.BeanUtils.instantiateClass(BeanUtils.java:184)
	at org.springframework.beans.factory.support.SimpleInstantiationStrategy.instantiate(SimpleInstantiationStrategy.java:87)
	at org.springframework.beans.factory.support.AbstractAutowireCapableBeanFactory.instantiateBean(AbstractAutowireCapableBeanFactory.java:1295)
	... 71 more
Caused by: org.apache.hadoop.security.KerberosAuthException: failure to login: for principal: dev from keytab D:\workspace\idea\hdfs-rest\conf\user.keytab javax.security.auth.login.LoginException: Receive timed out
	at org.apache.hadoop.security.UserGroupInformation.doSubjectLogin(UserGroupInformation.java:1846)
	at org.apache.hadoop.security.UserGroupInformation.loginUserFromKeytabAndReturnUGI(UserGroupInformation.java:1214)
	at org.apache.hadoop.security.UserGroupInformation.loginUserFromKeytab(UserGroupInformation.java:1007)
	at com.dhcc.sysManager.common.LoginUtil.loginHadoop(LoginUtil.java:416)
	at com.dhcc.sysManager.common.LoginUtil.login(LoginUtil.java:142)
	at com.dhcc.sysManager.dao.HdfsRepository.authentication(HdfsRepository.java:106)
	at com.dhcc.sysManager.dao.HdfsRepository.<init>(HdfsRepository.java:60)
	at sun.reflect.NativeConstructorAccessorImpl.newInstance0(Native Method)
	at sun.reflect.NativeConstructorAccessorImpl.newInstance(NativeConstructorAccessorImpl.java:62)
	at sun.reflect.DelegatingConstructorAccessorImpl.newInstance(DelegatingConstructorAccessorImpl.java:45)
	at java.lang.reflect.Constructor.newInstance(Constructor.java:423)
	at org.springframework.beans.BeanUtils.instantiateClass(BeanUtils.java:172)
	... 73 more
Caused by: javax.security.auth.login.LoginException: Receive timed out
	at com.sun.security.auth.module.Krb5LoginModule.attemptAuthentication(Krb5LoginModule.java:808)
	at com.sun.security.auth.module.Krb5LoginModule.login(Krb5LoginModule.java:617)
	at sun.reflect.NativeMethodAccessorImpl.invoke0(Native Method)
	at sun.reflect.NativeMethodAccessorImpl.invoke(NativeMethodAccessorImpl.java:62)
	at sun.reflect.DelegatingMethodAccessorImpl.invoke(DelegatingMethodAccessorImpl.java:43)
	at java.lang.reflect.Method.invoke(Method.java:498)
	at javax.security.auth.login.LoginContext.invoke(LoginContext.java:755)
	at javax.security.auth.login.LoginContext.access$000(LoginContext.java:195)
	at javax.security.auth.login.LoginContext$4.run(LoginContext.java:682)
	at javax.security.auth.login.LoginContext$4.run(LoginContext.java:680)
	at java.security.AccessController.doPrivileged(Native Method)
	at javax.security.auth.login.LoginContext.invokePriv(LoginContext.java:680)
	at javax.security.auth.login.LoginContext.login(LoginContext.java:587)
	at org.apache.hadoop.security.UserGroupInformation$HadoopLoginContext.login(UserGroupInformation.java:1924)
	at org.apache.hadoop.security.UserGroupInformation.doSubjectLogin(UserGroupInformation.java:1836)
	... 84 more
Caused by: java.net.SocketTimeoutException: Receive timed out
	at java.net.DualStackPlainDatagramSocketImpl.socketReceiveOrPeekData(Native Method)
	at java.net.DualStackPlainDatagramSocketImpl.receive0(DualStackPlainDatagramSocketImpl.java:124)
	at java.net.AbstractPlainDatagramSocketImpl.receive(AbstractPlainDatagramSocketImpl.java:143)
	at java.net.DatagramSocket.receive(DatagramSocket.java:812)
	at sun.security.krb5.internal.UDPClient.receive(NetClient.java:206)
	at sun.security.krb5.KdcComm$KdcCommunication.run(KdcComm.java:411)
	at sun.security.krb5.KdcComm$KdcCommunication.run(KdcComm.java:364)
	at java.security.AccessController.doPrivileged(Native Method)
	at sun.security.krb5.KdcComm.send(KdcComm.java:348)
	at sun.security.krb5.KdcComm.sendIfPossible(KdcComm.java:253)
	at sun.security.krb5.KdcComm.send(KdcComm.java:229)
	at sun.security.krb5.KdcComm.send(KdcComm.java:200)
	at sun.security.krb5.KrbAsReqBuilder.send(KrbAsReqBuilder.java:316)
	at sun.security.krb5.KrbAsReqBuilder.action(KrbAsReqBuilder.java:361)
	at com.sun.security.auth.module.Krb5LoginModule.attemptAuthentication(Krb5LoginModule.java:776)
	... 98 more
2020-05-10 10:59:01,130 ERROR TestContextManager:250 - Caught exception while allowing TestExecutionListener [org.springframework.test.context.web.ServletTestExecutionListener@79e2c065] to prepare test instance [com.dhcc.sysManager.HdfsRestApplicationTests@5b43e173]
java.lang.IllegalStateException: Failed to load ApplicationContext
	at org.springframework.test.context.cache.DefaultCacheAwareContextLoaderDelegate.loadContext(DefaultCacheAwareContextLoaderDelegate.java:125)
	at org.springframework.test.context.support.DefaultTestContext.getApplicationContext(DefaultTestContext.java:108)
	at org.springframework.test.context.web.ServletTestExecutionListener.setUpRequestContextIfNecessary(ServletTestExecutionListener.java:190)
	at org.springframework.test.context.web.ServletTestExecutionListener.prepareTestInstance(ServletTestExecutionListener.java:132)
	at org.springframework.test.context.TestContextManager.prepareTestInstance(TestContextManager.java:246)
	at org.springframework.test.context.junit4.SpringJUnit4ClassRunner.createTest(SpringJUnit4ClassRunner.java:227)
	at org.springframework.test.context.junit4.SpringJUnit4ClassRunner$1.runReflectiveCall(SpringJUnit4ClassRunner.java:289)
	at org.junit.internal.runners.model.ReflectiveCallable.run(ReflectiveCallable.java:12)
	at org.springframework.test.context.junit4.SpringJUnit4ClassRunner.methodBlock(SpringJUnit4ClassRunner.java:291)
	at org.springframework.test.context.junit4.SpringJUnit4ClassRunner.runChild(SpringJUnit4ClassRunner.java:246)
	at org.springframework.test.context.junit4.SpringJUnit4ClassRunner.runChild(SpringJUnit4ClassRunner.java:97)
	at org.junit.runners.ParentRunner$3.run(ParentRunner.java:290)
	at org.junit.runners.ParentRunner$1.schedule(ParentRunner.java:71)
	at org.junit.runners.ParentRunner.runChildren(ParentRunner.java:288)
	at org.junit.runners.ParentRunner.access$000(ParentRunner.java:58)
	at org.junit.runners.ParentRunner$2.evaluate(ParentRunner.java:268)
	at org.springframework.test.context.junit4.statements.RunBeforeTestClassCallbacks.evaluate(RunBeforeTestClassCallbacks.java:61)
	at org.springframework.test.context.junit4.statements.RunAfterTestClassCallbacks.evaluate(RunAfterTestClassCallbacks.java:70)
	at org.junit.runners.ParentRunner.run(ParentRunner.java:363)
	at org.springframework.test.context.junit4.SpringJUnit4ClassRunner.run(SpringJUnit4ClassRunner.java:190)
	at org.apache.maven.surefire.junit4.JUnit4Provider.execute(JUnit4Provider.java:365)
	at org.apache.maven.surefire.junit4.JUnit4Provider.executeWithRerun(JUnit4Provider.java:273)
	at org.apache.maven.surefire.junit4.JUnit4Provider.executeTestSet(JUnit4Provider.java:238)
	at org.apache.maven.surefire.junit4.JUnit4Provider.invoke(JUnit4Provider.java:159)
	at org.apache.maven.surefire.booter.ForkedBooter.invokeProviderInSameClassLoader(ForkedBooter.java:384)
	at org.apache.maven.surefire.booter.ForkedBooter.runSuitesInProcess(ForkedBooter.java:345)
	at org.apache.maven.surefire.booter.ForkedBooter.execute(ForkedBooter.java:126)
	at org.apache.maven.surefire.booter.ForkedBooter.main(ForkedBooter.java:418)
Caused by: org.springframework.beans.factory.UnsatisfiedDependencyException: Error creating bean with name 'hdfsController' defined in file [D:\workspace\idea\hdfs-rest\target\classes\com\dhcc\sysManager\controller\HdfsController.class]: Unsatisfied dependency expressed through constructor parameter 0; nested exception is org.springframework.beans.factory.UnsatisfiedDependencyException: Error creating bean with name 'HdfsService' defined in file [D:\workspace\idea\hdfs-rest\target\classes\com\dhcc\sysManager\service\impl\HdfsServiceImpl.class]: Unsatisfied dependency expressed through constructor parameter 0; nested exception is org.springframework.beans.factory.BeanCreationException: Error creating bean with name 'hdfsRepository' defined in file [D:\workspace\idea\hdfs-rest\target\classes\com\dhcc\sysManager\dao\HdfsRepository.class]: Instantiation of bean failed; nested exception is org.springframework.beans.BeanInstantiationException: Failed to instantiate [com.dhcc.sysManager.dao.HdfsRepository]: Constructor threw exception; nested exception is org.apache.hadoop.security.KerberosAuthException: failure to login: for principal: dev from keytab D:\workspace\idea\hdfs-rest\conf\user.keytab javax.security.auth.login.LoginException: Receive timed out
	at org.springframework.beans.factory.support.ConstructorResolver.createArgumentArray(ConstructorResolver.java:769)
	at org.springframework.beans.factory.support.ConstructorResolver.autowireConstructor(ConstructorResolver.java:218)
	at org.springframework.beans.factory.support.AbstractAutowireCapableBeanFactory.autowireConstructor(AbstractAutowireCapableBeanFactory.java:1341)
	at org.springframework.beans.factory.support.AbstractAutowireCapableBeanFactory.createBeanInstance(AbstractAutowireCapableBeanFactory.java:1187)
	at org.springframework.beans.factory.support.AbstractAutowireCapableBeanFactory.doCreateBean(AbstractAutowireCapableBeanFactory.java:555)
	at org.springframework.beans.factory.support.AbstractAutowireCapableBeanFactory.createBean(AbstractAutowireCapableBeanFactory.java:515)
	at org.springframework.beans.factory.support.AbstractBeanFactory.lambda$doGetBean$0(AbstractBeanFactory.java:320)
	at org.springframework.beans.factory.support.DefaultSingletonBeanRegistry.getSingleton(DefaultSingletonBeanRegistry.java:222)
	at org.springframework.beans.factory.support.AbstractBeanFactory.doGetBean(AbstractBeanFactory.java:318)
	at org.springframework.beans.factory.support.AbstractBeanFactory.getBean(AbstractBeanFactory.java:199)
	at org.springframework.beans.factory.support.DefaultListableBeanFactory.preInstantiateSingletons(DefaultListableBeanFactory.java:845)
	at org.springframework.context.support.AbstractApplicationContext.finishBeanFactoryInitialization(AbstractApplicationContext.java:877)
	at org.springframework.context.support.AbstractApplicationContext.refresh(AbstractApplicationContext.java:549)
	at org.springframework.boot.SpringApplication.refresh(SpringApplication.java:743)
	at org.springframework.boot.SpringApplication.refreshContext(SpringApplication.java:390)
	at org.springframework.boot.SpringApplication.run(SpringApplication.java:312)
	at org.springframework.boot.test.context.SpringBootContextLoader.loadContext(SpringBootContextLoader.java:120)
	at org.springframework.test.context.cache.DefaultCacheAwareContextLoaderDelegate.loadContextInternal(DefaultCacheAwareContextLoaderDelegate.java:99)
	at org.springframework.test.context.cache.DefaultCacheAwareContextLoaderDelegate.loadContext(DefaultCacheAwareContextLoaderDelegate.java:117)
	... 27 more
Caused by: org.springframework.beans.factory.UnsatisfiedDependencyException: Error creating bean with name 'HdfsService' defined in file [D:\workspace\idea\hdfs-rest\target\classes\com\dhcc\sysManager\service\impl\HdfsServiceImpl.class]: Unsatisfied dependency expressed through constructor parameter 0; nested exception is org.springframework.beans.factory.BeanCreationException: Error creating bean with name 'hdfsRepository' defined in file [D:\workspace\idea\hdfs-rest\target\classes\com\dhcc\sysManager\dao\HdfsRepository.class]: Instantiation of bean failed; nested exception is org.springframework.beans.BeanInstantiationException: Failed to instantiate [com.dhcc.sysManager.dao.HdfsRepository]: Constructor threw exception; nested exception is org.apache.hadoop.security.KerberosAuthException: failure to login: for principal: dev from keytab D:\workspace\idea\hdfs-rest\conf\user.keytab javax.security.auth.login.LoginException: Receive timed out
	at org.springframework.beans.factory.support.ConstructorResolver.createArgumentArray(ConstructorResolver.java:769)
	at org.springframework.beans.factory.support.ConstructorResolver.autowireConstructor(ConstructorResolver.java:218)
	at org.springframework.beans.factory.support.AbstractAutowireCapableBeanFactory.autowireConstructor(AbstractAutowireCapableBeanFactory.java:1341)
	at org.springframework.beans.factory.support.AbstractAutowireCapableBeanFactory.createBeanInstance(AbstractAutowireCapableBeanFactory.java:1187)
	at org.springframework.beans.factory.support.AbstractAutowireCapableBeanFactory.doCreateBean(AbstractAutowireCapableBeanFactory.java:555)
	at org.springframework.beans.factory.support.AbstractAutowireCapableBeanFactory.createBean(AbstractAutowireCapableBeanFactory.java:515)
	at org.springframework.beans.factory.support.AbstractBeanFactory.lambda$doGetBean$0(AbstractBeanFactory.java:320)
	at org.springframework.beans.factory.support.DefaultSingletonBeanRegistry.getSingleton(DefaultSingletonBeanRegistry.java:222)
	at org.springframework.beans.factory.support.AbstractBeanFactory.doGetBean(AbstractBeanFactory.java:318)
	at org.springframework.beans.factory.support.AbstractBeanFactory.getBean(AbstractBeanFactory.java:199)
	at org.springframework.beans.factory.config.DependencyDescriptor.resolveCandidate(DependencyDescriptor.java:277)
	at org.springframework.beans.factory.support.DefaultListableBeanFactory.doResolveDependency(DefaultListableBeanFactory.java:1251)
	at org.springframework.beans.factory.support.DefaultListableBeanFactory.resolveDependency(DefaultListableBeanFactory.java:1171)
	at org.springframework.beans.factory.support.ConstructorResolver.resolveAutowiredArgument(ConstructorResolver.java:857)
	at org.springframework.beans.factory.support.ConstructorResolver.createArgumentArray(ConstructorResolver.java:760)
	... 45 more
Caused by: org.springframework.beans.factory.BeanCreationException: Error creating bean with name 'hdfsRepository' defined in file [D:\workspace\idea\hdfs-rest\target\classes\com\dhcc\sysManager\dao\HdfsRepository.class]: Instantiation of bean failed; nested exception is org.springframework.beans.BeanInstantiationException: Failed to instantiate [com.dhcc.sysManager.dao.HdfsRepository]: Constructor threw exception; nested exception is org.apache.hadoop.security.KerberosAuthException: failure to login: for principal: dev from keytab D:\workspace\idea\hdfs-rest\conf\user.keytab javax.security.auth.login.LoginException: Receive timed out
	at org.springframework.beans.factory.support.AbstractAutowireCapableBeanFactory.instantiateBean(AbstractAutowireCapableBeanFactory.java:1303)
	at org.springframework.beans.factory.support.AbstractAutowireCapableBeanFactory.createBeanInstance(AbstractAutowireCapableBeanFactory.java:1197)
	at org.springframework.beans.factory.support.AbstractAutowireCapableBeanFactory.doCreateBean(AbstractAutowireCapableBeanFactory.java:555)
	at org.springframework.beans.factory.support.AbstractAutowireCapableBeanFactory.createBean(AbstractAutowireCapableBeanFactory.java:515)
	at org.springframework.beans.factory.support.AbstractBeanFactory.lambda$doGetBean$0(AbstractBeanFactory.java:320)
	at org.springframework.beans.factory.support.DefaultSingletonBeanRegistry.getSingleton(DefaultSingletonBeanRegistry.java:222)
	at org.springframework.beans.factory.support.AbstractBeanFactory.doGetBean(AbstractBeanFactory.java:318)
	at org.springframework.beans.factory.support.AbstractBeanFactory.getBean(AbstractBeanFactory.java:199)
	at org.springframework.beans.factory.config.DependencyDescriptor.resolveCandidate(DependencyDescriptor.java:277)
	at org.springframework.beans.factory.support.DefaultListableBeanFactory.doResolveDependency(DefaultListableBeanFactory.java:1251)
	at org.springframework.beans.factory.support.DefaultListableBeanFactory.resolveDependency(DefaultListableBeanFactory.java:1171)
	at org.springframework.beans.factory.support.ConstructorResolver.resolveAutowiredArgument(ConstructorResolver.java:857)
	at org.springframework.beans.factory.support.ConstructorResolver.createArgumentArray(ConstructorResolver.java:760)
	... 59 more
Caused by: org.springframework.beans.BeanInstantiationException: Failed to instantiate [com.dhcc.sysManager.dao.HdfsRepository]: Constructor threw exception; nested exception is org.apache.hadoop.security.KerberosAuthException: failure to login: for principal: dev from keytab D:\workspace\idea\hdfs-rest\conf\user.keytab javax.security.auth.login.LoginException: Receive timed out
	at org.springframework.beans.BeanUtils.instantiateClass(BeanUtils.java:184)
	at org.springframework.beans.factory.support.SimpleInstantiationStrategy.instantiate(SimpleInstantiationStrategy.java:87)
	at org.springframework.beans.factory.support.AbstractAutowireCapableBeanFactory.instantiateBean(AbstractAutowireCapableBeanFactory.java:1295)
	... 71 more
Caused by: org.apache.hadoop.security.KerberosAuthException: failure to login: for principal: dev from keytab D:\workspace\idea\hdfs-rest\conf\user.keytab javax.security.auth.login.LoginException: Receive timed out
	at org.apache.hadoop.security.UserGroupInformation.doSubjectLogin(UserGroupInformation.java:1846)
	at org.apache.hadoop.security.UserGroupInformation.loginUserFromKeytabAndReturnUGI(UserGroupInformation.java:1214)
	at org.apache.hadoop.security.UserGroupInformation.loginUserFromKeytab(UserGroupInformation.java:1007)
	at com.dhcc.sysManager.common.LoginUtil.loginHadoop(LoginUtil.java:416)
	at com.dhcc.sysManager.common.LoginUtil.login(LoginUtil.java:142)
	at com.dhcc.sysManager.dao.HdfsRepository.authentication(HdfsRepository.java:106)
	at com.dhcc.sysManager.dao.HdfsRepository.<init>(HdfsRepository.java:60)
	at sun.reflect.NativeConstructorAccessorImpl.newInstance0(Native Method)
	at sun.reflect.NativeConstructorAccessorImpl.newInstance(NativeConstructorAccessorImpl.java:62)
	at sun.reflect.DelegatingConstructorAccessorImpl.newInstance(DelegatingConstructorAccessorImpl.java:45)
	at java.lang.reflect.Constructor.newInstance(Constructor.java:423)
	at org.springframework.beans.BeanUtils.instantiateClass(BeanUtils.java:172)
	... 73 more
Caused by: javax.security.auth.login.LoginException: Receive timed out
	at com.sun.security.auth.module.Krb5LoginModule.attemptAuthentication(Krb5LoginModule.java:808)
	at com.sun.security.auth.module.Krb5LoginModule.login(Krb5LoginModule.java:617)
	at sun.reflect.NativeMethodAccessorImpl.invoke0(Native Method)
	at sun.reflect.NativeMethodAccessorImpl.invoke(NativeMethodAccessorImpl.java:62)
	at sun.reflect.DelegatingMethodAccessorImpl.invoke(DelegatingMethodAccessorImpl.java:43)
	at java.lang.reflect.Method.invoke(Method.java:498)
	at javax.security.auth.login.LoginContext.invoke(LoginContext.java:755)
	at javax.security.auth.login.LoginContext.access$000(LoginContext.java:195)
	at javax.security.auth.login.LoginContext$4.run(LoginContext.java:682)
	at javax.security.auth.login.LoginContext$4.run(LoginContext.java:680)
	at java.security.AccessController.doPrivileged(Native Method)
	at javax.security.auth.login.LoginContext.invokePriv(LoginContext.java:680)
	at javax.security.auth.login.LoginContext.login(LoginContext.java:587)
	at org.apache.hadoop.security.UserGroupInformation$HadoopLoginContext.login(UserGroupInformation.java:1924)
	at org.apache.hadoop.security.UserGroupInformation.doSubjectLogin(UserGroupInformation.java:1836)
	... 84 more
Caused by: java.net.SocketTimeoutException: Receive timed out
	at java.net.DualStackPlainDatagramSocketImpl.socketReceiveOrPeekData(Native Method)
	at java.net.DualStackPlainDatagramSocketImpl.receive0(DualStackPlainDatagramSocketImpl.java:124)
	at java.net.AbstractPlainDatagramSocketImpl.receive(AbstractPlainDatagramSocketImpl.java:143)
	at java.net.DatagramSocket.receive(DatagramSocket.java:812)
	at sun.security.krb5.internal.UDPClient.receive(NetClient.java:206)
	at sun.security.krb5.KdcComm$KdcCommunication.run(KdcComm.java:411)
	at sun.security.krb5.KdcComm$KdcCommunication.run(KdcComm.java:364)
	at java.security.AccessController.doPrivileged(Native Method)
	at sun.security.krb5.KdcComm.send(KdcComm.java:348)
	at sun.security.krb5.KdcComm.sendIfPossible(KdcComm.java:253)
	at sun.security.krb5.KdcComm.send(KdcComm.java:229)
	at sun.security.krb5.KdcComm.send(KdcComm.java:200)
	at sun.security.krb5.KrbAsReqBuilder.send(KrbAsReqBuilder.java:316)
	at sun.security.krb5.KrbAsReqBuilder.action(KrbAsReqBuilder.java:361)
	at com.sun.security.auth.module.Krb5LoginModule.attemptAuthentication(Krb5LoginModule.java:776)
	... 98 more
